E:\Facultate\TFS\Licenta\TweetAppSolution\SocialAnalyzer.Web\social-analyzer\dist\out-tsc\e2e\app.po.js
E:\Facultate\TFS\Licenta\TweetAppSolution\SocialAnalyzer.Web\social-analyzer\dist\out-tsc\e2e\app.po.js.map
E:\Facultate\TFS\Licenta\TweetAppSolution\SocialAnalyzer.Web\social-analyzer\dist\out-tsc\e2e\app.e2e-spec.js
E:\Facultate\TFS\Licenta\TweetAppSolution\SocialAnalyzer.Web\social-analyzer\dist\out-tsc\e2e\app.e2e-spec.js.map
E:\Facultate\TFS\Licenta\TweetAppSolution\SocialAnalyzer.Web\social-analyzer\dist\out-tsc\src\app\shared\enums\page.enum.js
E:\Facultate\TFS\Licenta\TweetAppSolution\SocialAnalyzer.Web\social-analyzer\dist\out-tsc\src\app\shared\enums\page.enum.js.map
E:\Facultate\TFS\Licenta\TweetAppSolution\SocialAnalyzer.Web\social-analyzer\dist\out-tsc\src\app\app.component.js
E:\Facultate\TFS\Licenta\TweetAppSolution\SocialAnalyzer.Web\social-analyzer\dist\out-tsc\src\app\app.component.js.map
E:\Facultate\TFS\Licenta\TweetAppSolution\SocialAnalyzer.Web\social-analyzer\dist\out-tsc\src\app\shared\components\sidebar-component\sidebar.component.js
E:\Facultate\TFS\Licenta\TweetAppSolution\SocialAnalyzer.Web\social-analyzer\dist\out-tsc\src\app\shared\components\sidebar-component\sidebar.component.js.map
E:\Facultate\TFS\Licenta\TweetAppSolution\SocialAnalyzer.Web\social-analyzer\dist\out-tsc\src\app\shared\components\header-component\header.component.js
E:\Facultate\TFS\Licenta\TweetAppSolution\SocialAnalyzer.Web\social-analyzer\dist\out-tsc\src\app\shared\components\header-component\header.component.js.map
E:\Facultate\TFS\Licenta\TweetAppSolution\SocialAnalyzer.Web\social-analyzer\dist\out-tsc\src\app\shared\enums\card.enum.js
E:\Facultate\TFS\Licenta\TweetAppSolution\SocialAnalyzer.Web\social-analyzer\dist\out-tsc\src\app\shared\enums\card.enum.js.map
E:\Facultate\TFS\Licenta\TweetAppSolution\SocialAnalyzer.Web\social-analyzer\dist\out-tsc\src\app\shared\components\card-component\card.component.js
E:\Facultate\TFS\Licenta\TweetAppSolution\SocialAnalyzer.Web\social-analyzer\dist\out-tsc\src\app\shared\components\card-component\card.component.js.map
E:\Facultate\TFS\Licenta\TweetAppSolution\SocialAnalyzer.Web\social-analyzer\dist\out-tsc\src\app\shared\services\base.service.js
E:\Facultate\TFS\Licenta\TweetAppSolution\SocialAnalyzer.Web\social-analyzer\dist\out-tsc\src\app\shared\services\base.service.js.map
E:\Facultate\TFS\Licenta\TweetAppSolution\SocialAnalyzer.Web\social-analyzer\dist\out-tsc\src\app\shared\services\bubble-chart.service.js
E:\Facultate\TFS\Licenta\TweetAppSolution\SocialAnalyzer.Web\social-analyzer\dist\out-tsc\src\app\shared\services\bubble-chart.service.js.map
E:\Facultate\TFS\Licenta\TweetAppSolution\SocialAnalyzer.Web\social-analyzer\dist\out-tsc\src\app\shared\components\spinner-component\spinner.component.js
E:\Facultate\TFS\Licenta\TweetAppSolution\SocialAnalyzer.Web\social-analyzer\dist\out-tsc\src\app\shared\components\spinner-component\spinner.component.js.map
E:\Facultate\TFS\Licenta\TweetAppSolution\SocialAnalyzer.Web\social-analyzer\dist\out-tsc\src\app\shared\services\hashtag-history.service.js
E:\Facultate\TFS\Licenta\TweetAppSolution\SocialAnalyzer.Web\social-analyzer\dist\out-tsc\src\app\shared\services\hashtag-history.service.js.map
E:\Facultate\TFS\Licenta\TweetAppSolution\SocialAnalyzer.Web\social-analyzer\dist\out-tsc\src\app\shared\services\utility\store-search-hashtag.service.js
E:\Facultate\TFS\Licenta\TweetAppSolution\SocialAnalyzer.Web\social-analyzer\dist\out-tsc\src\app\shared\services\utility\store-search-hashtag.service.js.map
E:\Facultate\TFS\Licenta\TweetAppSolution\SocialAnalyzer.Web\social-analyzer\dist\out-tsc\src\app\shared\models\twitter\sentiment-object.model.js
E:\Facultate\TFS\Licenta\TweetAppSolution\SocialAnalyzer.Web\social-analyzer\dist\out-tsc\src\app\shared\models\twitter\sentiment-object.model.js.map
E:\Facultate\TFS\Licenta\TweetAppSolution\SocialAnalyzer.Web\social-analyzer\dist\out-tsc\src\app\shared\models\twitter\tweet-analized.model.js
E:\Facultate\TFS\Licenta\TweetAppSolution\SocialAnalyzer.Web\social-analyzer\dist\out-tsc\src\app\shared\models\twitter\tweet-analized.model.js.map
E:\Facultate\TFS\Licenta\TweetAppSolution\SocialAnalyzer.Web\social-analyzer\dist\out-tsc\src\app\shared\models\twitter\sentiment-type.model.js
E:\Facultate\TFS\Licenta\TweetAppSolution\SocialAnalyzer.Web\social-analyzer\dist\out-tsc\src\app\shared\models\twitter\sentiment-type.model.js.map
E:\Facultate\TFS\Licenta\TweetAppSolution\SocialAnalyzer.Web\social-analyzer\dist\out-tsc\src\app\twitter-module\twitter-map\twitter-map.service.js
E:\Facultate\TFS\Licenta\TweetAppSolution\SocialAnalyzer.Web\social-analyzer\dist\out-tsc\src\app\twitter-module\twitter-map\twitter-map.service.js.map
E:\Facultate\TFS\Licenta\TweetAppSolution\SocialAnalyzer.Web\social-analyzer\dist\out-tsc\src\app\shared\components\button-component\button.component.js
E:\Facultate\TFS\Licenta\TweetAppSolution\SocialAnalyzer.Web\social-analyzer\dist\out-tsc\src\app\shared\components\button-component\button.component.js.map
E:\Facultate\TFS\Licenta\TweetAppSolution\SocialAnalyzer.Web\social-analyzer\dist\out-tsc\src\app\shared\components\row-component\row.component.js
E:\Facultate\TFS\Licenta\TweetAppSolution\SocialAnalyzer.Web\social-analyzer\dist\out-tsc\src\app\shared\components\row-component\row.component.js.map
E:\Facultate\TFS\Licenta\TweetAppSolution\SocialAnalyzer.Web\social-analyzer\dist\out-tsc\src\app\shared\models\twitter\user-profile\timeline.model.js
E:\Facultate\TFS\Licenta\TweetAppSolution\SocialAnalyzer.Web\social-analyzer\dist\out-tsc\src\app\shared\models\twitter\user-profile\timeline.model.js.map
E:\Facultate\TFS\Licenta\TweetAppSolution\SocialAnalyzer.Web\social-analyzer\dist\out-tsc\src\app\shared\models\twitter\user-profile\user.model.js
E:\Facultate\TFS\Licenta\TweetAppSolution\SocialAnalyzer.Web\social-analyzer\dist\out-tsc\src\app\shared\models\twitter\user-profile\user.model.js.map
E:\Facultate\TFS\Licenta\TweetAppSolution\SocialAnalyzer.Web\social-analyzer\dist\out-tsc\src\app\shared\components\line-info-component\line-info.component.js
E:\Facultate\TFS\Licenta\TweetAppSolution\SocialAnalyzer.Web\social-analyzer\dist\out-tsc\src\app\shared\components\line-info-component\line-info.component.js.map
E:\Facultate\TFS\Licenta\TweetAppSolution\SocialAnalyzer.Web\social-analyzer\dist\out-tsc\src\app\shared\shared.module.js
E:\Facultate\TFS\Licenta\TweetAppSolution\SocialAnalyzer.Web\social-analyzer\dist\out-tsc\src\app\shared\shared.module.js.map
E:\Facultate\TFS\Licenta\TweetAppSolution\SocialAnalyzer.Web\social-analyzer\dist\out-tsc\src\app\shared\models\twitter\twitter-menu.model.js
E:\Facultate\TFS\Licenta\TweetAppSolution\SocialAnalyzer.Web\social-analyzer\dist\out-tsc\src\app\shared\models\twitter\twitter-menu.model.js.map
E:\Facultate\TFS\Licenta\TweetAppSolution\SocialAnalyzer.Web\social-analyzer\dist\out-tsc\src\app\twitter-module\twitter-menu\twitter-menu.component.js
E:\Facultate\TFS\Licenta\TweetAppSolution\SocialAnalyzer.Web\social-analyzer\dist\out-tsc\src\app\twitter-module\twitter-menu\twitter-menu.component.js.map
E:\Facultate\TFS\Licenta\TweetAppSolution\SocialAnalyzer.Web\social-analyzer\dist\out-tsc\src\app\shared\models\twitter\bubble-chart.model.js
E:\Facultate\TFS\Licenta\TweetAppSolution\SocialAnalyzer.Web\social-analyzer\dist\out-tsc\src\app\shared\models\twitter\bubble-chart.model.js.map
E:\Facultate\TFS\Licenta\TweetAppSolution\SocialAnalyzer.Web\social-analyzer\dist\out-tsc\src\app\shared\models\twitter\bubble-chart-component.model.js
E:\Facultate\TFS\Licenta\TweetAppSolution\SocialAnalyzer.Web\social-analyzer\dist\out-tsc\src\app\shared\models\twitter\bubble-chart-component.model.js.map
E:\Facultate\TFS\Licenta\TweetAppSolution\SocialAnalyzer.Web\social-analyzer\dist\out-tsc\src\app\shared\models\twitter\bubble-chart-response.model.js
E:\Facultate\TFS\Licenta\TweetAppSolution\SocialAnalyzer.Web\social-analyzer\dist\out-tsc\src\app\shared\models\twitter\bubble-chart-response.model.js.map
E:\Facultate\TFS\Licenta\TweetAppSolution\SocialAnalyzer.Web\social-analyzer\dist\out-tsc\src\app\shared\models\twitter\card.model.js
E:\Facultate\TFS\Licenta\TweetAppSolution\SocialAnalyzer.Web\social-analyzer\dist\out-tsc\src\app\shared\models\twitter\card.model.js.map
E:\Facultate\TFS\Licenta\TweetAppSolution\SocialAnalyzer.Web\social-analyzer\dist\out-tsc\src\app\twitter-module\twitter-bubble-chart\twitter-bubble-chart.service.js
E:\Facultate\TFS\Licenta\TweetAppSolution\SocialAnalyzer.Web\social-analyzer\dist\out-tsc\src\app\twitter-module\twitter-bubble-chart\twitter-bubble-chart.service.js.map
E:\Facultate\TFS\Licenta\TweetAppSolution\SocialAnalyzer.Web\social-analyzer\dist\out-tsc\src\app\shared\constants\buble-chart.constants.js
E:\Facultate\TFS\Licenta\TweetAppSolution\SocialAnalyzer.Web\social-analyzer\dist\out-tsc\src\app\shared\constants\buble-chart.constants.js.map
E:\Facultate\TFS\Licenta\TweetAppSolution\SocialAnalyzer.Web\social-analyzer\dist\out-tsc\src\app\twitter-module\twitter-bubble-chart\hashtag-keep-search.service.js
E:\Facultate\TFS\Licenta\TweetAppSolution\SocialAnalyzer.Web\social-analyzer\dist\out-tsc\src\app\twitter-module\twitter-bubble-chart\hashtag-keep-search.service.js.map
E:\Facultate\TFS\Licenta\TweetAppSolution\SocialAnalyzer.Web\social-analyzer\dist\out-tsc\src\app\twitter-module\twitter-bubble-chart\twitter-bubble-chart.component.js
E:\Facultate\TFS\Licenta\TweetAppSolution\SocialAnalyzer.Web\social-analyzer\dist\out-tsc\src\app\twitter-module\twitter-bubble-chart\twitter-bubble-chart.component.js.map
E:\Facultate\TFS\Licenta\TweetAppSolution\SocialAnalyzer.Web\social-analyzer\dist\out-tsc\src\app\shared\models\twitter\hashtag-history\hashtag-history.model.js
E:\Facultate\TFS\Licenta\TweetAppSolution\SocialAnalyzer.Web\social-analyzer\dist\out-tsc\src\app\shared\models\twitter\hashtag-history\hashtag-history.model.js.map
E:\Facultate\TFS\Licenta\TweetAppSolution\SocialAnalyzer.Web\social-analyzer\dist\out-tsc\src\app\shared\models\twitter\base\type-of-tweet.model.js
E:\Facultate\TFS\Licenta\TweetAppSolution\SocialAnalyzer.Web\social-analyzer\dist\out-tsc\src\app\shared\models\twitter\base\type-of-tweet.model.js.map
E:\Facultate\TFS\Licenta\TweetAppSolution\SocialAnalyzer.Web\social-analyzer\dist\out-tsc\src\app\shared\models\twitter\hashtag-history\hashtag-history-response.model.js
E:\Facultate\TFS\Licenta\TweetAppSolution\SocialAnalyzer.Web\social-analyzer\dist\out-tsc\src\app\shared\models\twitter\hashtag-history\hashtag-history-response.model.js.map
E:\Facultate\TFS\Licenta\TweetAppSolution\SocialAnalyzer.Web\social-analyzer\dist\out-tsc\src\app\twitter-module\twitter-hashtag-history\twitter-hashtag-history.service.js
E:\Facultate\TFS\Licenta\TweetAppSolution\SocialAnalyzer.Web\social-analyzer\dist\out-tsc\src\app\twitter-module\twitter-hashtag-history\twitter-hashtag-history.service.js.map
E:\Facultate\TFS\Licenta\TweetAppSolution\SocialAnalyzer.Web\social-analyzer\dist\out-tsc\src\app\shared\models\twitter\hashtag-history\keyphrase-result.model.js
E:\Facultate\TFS\Licenta\TweetAppSolution\SocialAnalyzer.Web\social-analyzer\dist\out-tsc\src\app\shared\models\twitter\hashtag-history\keyphrase-result.model.js.map
E:\Facultate\TFS\Licenta\TweetAppSolution\SocialAnalyzer.Web\social-analyzer\dist\out-tsc\src\app\shared\models\twitter\hashtag-history\keyphrase.model.js
E:\Facultate\TFS\Licenta\TweetAppSolution\SocialAnalyzer.Web\social-analyzer\dist\out-tsc\src\app\shared\models\twitter\hashtag-history\keyphrase.model.js.map
E:\Facultate\TFS\Licenta\TweetAppSolution\SocialAnalyzer.Web\social-analyzer\dist\out-tsc\src\app\shared\models\twitter\news.model.js
E:\Facultate\TFS\Licenta\TweetAppSolution\SocialAnalyzer.Web\social-analyzer\dist\out-tsc\src\app\shared\models\twitter\news.model.js.map
E:\Facultate\TFS\Licenta\TweetAppSolution\SocialAnalyzer.Web\social-analyzer\dist\out-tsc\src\app\twitter-module\twitter-hashtag-history\twitter-hashtag-history.component.js
E:\Facultate\TFS\Licenta\TweetAppSolution\SocialAnalyzer.Web\social-analyzer\dist\out-tsc\src\app\twitter-module\twitter-hashtag-history\twitter-hashtag-history.component.js.map
E:\Facultate\TFS\Licenta\TweetAppSolution\SocialAnalyzer.Web\social-analyzer\dist\out-tsc\src\app\shared\services\map.service.js
E:\Facultate\TFS\Licenta\TweetAppSolution\SocialAnalyzer.Web\social-analyzer\dist\out-tsc\src\app\shared\services\map.service.js.map
E:\Facultate\TFS\Licenta\TweetAppSolution\SocialAnalyzer.Web\social-analyzer\dist\out-tsc\src\app\shared\models\twitter\location.model.js
E:\Facultate\TFS\Licenta\TweetAppSolution\SocialAnalyzer.Web\social-analyzer\dist\out-tsc\src\app\shared\models\twitter\location.model.js.map
E:\Facultate\TFS\Licenta\TweetAppSolution\SocialAnalyzer.Web\social-analyzer\dist\out-tsc\src\app\twitter-module\twitter-map\twitter-map.component.js
E:\Facultate\TFS\Licenta\TweetAppSolution\SocialAnalyzer.Web\social-analyzer\dist\out-tsc\src\app\twitter-module\twitter-map\twitter-map.component.js.map
E:\Facultate\TFS\Licenta\TweetAppSolution\SocialAnalyzer.Web\social-analyzer\dist\out-tsc\src\app\shared\services\user.service.js
E:\Facultate\TFS\Licenta\TweetAppSolution\SocialAnalyzer.Web\social-analyzer\dist\out-tsc\src\app\shared\services\user.service.js.map
E:\Facultate\TFS\Licenta\TweetAppSolution\SocialAnalyzer.Web\social-analyzer\dist\out-tsc\src\app\shared\models\twitter\user-profile\followers.model.js
E:\Facultate\TFS\Licenta\TweetAppSolution\SocialAnalyzer.Web\social-analyzer\dist\out-tsc\src\app\shared\models\twitter\user-profile\followers.model.js.map
E:\Facultate\TFS\Licenta\TweetAppSolution\SocialAnalyzer.Web\social-analyzer\dist\out-tsc\src\app\twitter-module\twitter-user\twitter-user.component.js
E:\Facultate\TFS\Licenta\TweetAppSolution\SocialAnalyzer.Web\social-analyzer\dist\out-tsc\src\app\twitter-module\twitter-user\twitter-user.component.js.map
E:\Facultate\TFS\Licenta\TweetAppSolution\SocialAnalyzer.Web\social-analyzer\dist\out-tsc\src\app\twitter-module\twitter.routing.js
E:\Facultate\TFS\Licenta\TweetAppSolution\SocialAnalyzer.Web\social-analyzer\dist\out-tsc\src\app\twitter-module\twitter.routing.js.map
E:\Facultate\TFS\Licenta\TweetAppSolution\SocialAnalyzer.Web\social-analyzer\dist\out-tsc\src\app\twitter-module\twitter.module.js
E:\Facultate\TFS\Licenta\TweetAppSolution\SocialAnalyzer.Web\social-analyzer\dist\out-tsc\src\app\twitter-module\twitter.module.js.map
E:\Facultate\TFS\Licenta\TweetAppSolution\SocialAnalyzer.Web\social-analyzer\dist\out-tsc\src\app\app.routing.js
E:\Facultate\TFS\Licenta\TweetAppSolution\SocialAnalyzer.Web\social-analyzer\dist\out-tsc\src\app\app.routing.js.map
E:\Facultate\TFS\Licenta\TweetAppSolution\SocialAnalyzer.Web\social-analyzer\dist\out-tsc\src\app\app.module.js
E:\Facultate\TFS\Licenta\TweetAppSolution\SocialAnalyzer.Web\social-analyzer\dist\out-tsc\src\app\app.module.js.map
E:\Facultate\TFS\Licenta\TweetAppSolution\SocialAnalyzer.Web\social-analyzer\dist\out-tsc\src\environments\environment.js
E:\Facultate\TFS\Licenta\TweetAppSolution\SocialAnalyzer.Web\social-analyzer\dist\out-tsc\src\environments\environment.js.map
E:\Facultate\TFS\Licenta\TweetAppSolution\SocialAnalyzer.Web\social-analyzer\dist\out-tsc\src\main.js
E:\Facultate\TFS\Licenta\TweetAppSolution\SocialAnalyzer.Web\social-analyzer\dist\out-tsc\src\main.js.map
E:\Facultate\TFS\Licenta\TweetAppSolution\SocialAnalyzer.Web\social-analyzer\dist\out-tsc\src\polyfills.js
E:\Facultate\TFS\Licenta\TweetAppSolution\SocialAnalyzer.Web\social-analyzer\dist\out-tsc\src\polyfills.js.map
E:\Facultate\TFS\Licenta\TweetAppSolution\SocialAnalyzer.Web\social-analyzer\dist\out-tsc\src\test.js
E:\Facultate\TFS\Licenta\TweetAppSolution\SocialAnalyzer.Web\social-analyzer\dist\out-tsc\src\test.js.map
E:\Facultate\TFS\Licenta\TweetAppSolution\SocialAnalyzer.Web\social-analyzer\dist\out-tsc\src\environments\environment.prod.js
E:\Facultate\TFS\Licenta\TweetAppSolution\SocialAnalyzer.Web\social-analyzer\dist\out-tsc\src\environments\environment.prod.js.map
